#
# There is insufficient memory for the Java Runtime Environment to continue.
# Native memory allocation (mmap) failed to map 1073741824 bytes for committing reserved memory.
# Possible reasons:
#   The system is out of physical RAM or swap space
#   The process is running with CompressedOops enabled, and the Java Heap may be blocking the growth of the native heap
# Possible solutions:
#   Reduce memory load on the system
#   Increase physical memory or swap space
#   Check if swap backing store is full
#   Decrease Java heap size (-Xmx/-Xms)
#   Decrease number of Java threads
#   Decrease Java thread stack sizes (-Xss)
#   Set larger code cache with -XX:ReservedCodeCacheSize=
# This output file may be truncated or incomplete.
#
#  Out of Memory Error (os_linux.cpp:2913), pid=2734, tid=2737
#
# JRE version:  (11.0.9.1+11) (build )
# Java VM: OpenJDK 64-Bit Server VM (11.0.9.1+11-b1145.63, mixed mode, sharing, tiered, compressed oops, g1 gc, linux-amd64)
# No core dump will be written. Core dumps have been disabled. To enable core dumping, try "ulimit -c unlimited" before starting Java again
#

---------------  S U M M A R Y ------------

Command Line: -Djava.rmi.server.hostname=127.0.0.1 -Duser.timezone=UTC -Xmx2048m -Xms1024m -Dfile.encoding=UTF-8 com.intellij.database.remote.RemoteJdbcServer com.mysql.cj.jdbc.Driver

Host: Intel(R) Core(TM) i5-3320M CPU @ 2.60GHz, 4 cores, 5G, Deepin 15.11 
Time: Tue Jan 12 14:07:14 2021 CST elapsed time: 0.035027 seconds (0d 0h 0m 0s)

---------------  T H R E A D  ---------------

Current thread (0x00007f42a8027800):  JavaThread "Unknown thread" [_thread_in_vm, id=2737, stack(0x00007f42afb45000,0x00007f42afc46000)]

Stack: [0x00007f42afb45000,0x00007f42afc46000],  sp=0x00007f42afc44260,  free space=1020k
Native frames: (J=compiled Java code, A=aot compiled Java code, j=interpreted, Vv=VM code, C=native code)
V  [libjvm.so+0xd83e1f]  VMError::report_and_die(int, char const*, char const*, __va_list_tag*, Thread*, unsigned char*, void*, void*, char const*, int, unsigned long)+0x37f
V  [libjvm.so+0xd84afb]  VMError::report_and_die(Thread*, char const*, int, unsigned long, VMErrorType, char const*, __va_list_tag*)+0x2b
V  [libjvm.so+0x661915]  report_vm_out_of_memory(char const*, int, unsigned long, VMErrorType, char const*, ...)+0xc5
V  [libjvm.so+0xb8ada8]  os::pd_commit_memory_or_exit(char*, unsigned long, unsigned long, bool, char const*)+0xd8
V  [libjvm.so+0xb8150d]  os::commit_memory_or_exit(char*, unsigned long, unsigned long, bool, char const*)+0x1d
V  [libjvm.so+0x779d1c]  G1PageBasedVirtualSpace::commit_preferred_pages(unsigned long, unsigned long)+0x6c
V  [libjvm.so+0x77a0fe]  G1PageBasedVirtualSpace::commit(unsigned long, unsigned long)+0x19e
V  [libjvm.so+0x7835f6]  G1RegionsLargerThanCommitSizeMapper::commit_regions(unsigned int, unsigned long, WorkGang*)+0x46
V  [libjvm.so+0x7fbf04]  HeapRegionManager::commit_regions(unsigned int, unsigned long, WorkGang*)+0x54
V  [libjvm.so+0x7fcb10]  HeapRegionManager::make_regions_available(unsigned int, unsigned int, WorkGang*)+0x30
V  [libjvm.so+0x7fcf37]  HeapRegionManager::expand_at(unsigned int, unsigned int, WorkGang*) [clone .part.24]+0xf7
V  [libjvm.so+0x737000]  G1CollectedHeap::expand(unsigned long, WorkGang*, double*)+0xe0
V  [libjvm.so+0x737701]  G1CollectedHeap::initialize()+0x681
V  [libjvm.so+0xd465b1]  Universe::initialize_heap()+0x41
V  [libjvm.so+0xd46886]  universe_init()+0x46
V  [libjvm.so+0x81bef7]  init_globals()+0x57
V  [libjvm.so+0xd2061a]  Threads::create_vm(JavaVMInitArgs*, bool*)+0x30a
V  [libjvm.so+0x8c0891]  JNI_CreateJavaVM+0x51
C  [libjli.so+0x3c98]  JavaMain+0x88


---------------  P R O C E S S  ---------------

Threads class SMR info:
_java_thread_list=0x00005584851f9b80, length=0, elements={
}

Java Threads: ( => current thread )

Other Threads:
  0x00007f42a803f800 GCTaskThread "GC Thread#0" [stack: 0x00007f42ac241000,0x00007f42ac341000] [id=2740]
  0x00007f42a8072800 ConcurrentGCThread "G1 Main Marker" [stack: 0x00007f429451b000,0x00007f429461b000] [id=2741]
  0x00007f42a8074800 ConcurrentGCThread "G1 Conc#0" [stack: 0x00007f429441a000,0x00007f429451a000] [id=2742]

[error occurred during error reporting (printing all threads), id 0xb, SIGSEGV (0xb) at pc=0x00007f42ae2128c0]

VM state:not at safepoint (not fully initialized)

VM Mutex/Monitor currently owned by a thread:  ([mutex/lock_event])
[0x00007f42a8024300] Heap_lock - owner thread: 0x00007f42a8027800

Heap address: 0x0000000080000000, size: 2048 MB, Compressed Oops mode: Non-zero based: 0x0000000080000000
Narrow klass base: 0x0000000000000000, Narrow klass shift: 0

GC Heap History (0 events):
No events

Deoptimization events (0 events):
No events

Classes redefined (0 events):
No events

Internal exceptions (0 events):
No events

Events (2 events):
Event: 0.002 Protecting memory [0x00007f42afb45000,0x00007f42afb49000] with protection modes 0
Event: 0.002 Loaded shared library /home/dev/pychrom/pycharm-2020.3.2/jbr/lib/libzip.so


Dynamic libraries:
c0000000-100000000 ---p 00000000 00:00 0 
558483331000-558483332000 r-xp 00000000 08:05 11408599                   /home/dev/pychrom/pycharm-2020.3.2/jbr/bin/java
558483532000-558483533000 r--p 00001000 08:05 11408599                   /home/dev/pychrom/pycharm-2020.3.2/jbr/bin/java
558483533000-558483534000 rw-p 00002000 08:05 11408599                   /home/dev/pychrom/pycharm-2020.3.2/jbr/bin/java
5584851f6000-558485217000 rw-p 00000000 00:00 0                          [heap]
7f4281c70000-7f4284000000 rw-p 00000000 00:00 0 
7f4284000000-7f4284021000 rw-p 00000000 00:00 0 
7f4284021000-7f4288000000 ---p 00000000 00:00 0 
7f4288000000-7f4288021000 rw-p 00000000 00:00 0 
7f4288021000-7f4290000000 ---p 00000000 00:00 0 
7f4290000000-7f4290021000 rw-p 00000000 00:00 0 
7f4290021000-7f4294000000 ---p 00000000 00:00 0 
7f4294015000-7f4294419000 rw-p 00000000 00:00 0 
7f4294419000-7f429441a000 ---p 00000000 00:00 0 
7f429441a000-7f429451a000 rw-p 00000000 00:00 0 
7f429451a000-7f429451b000 ---p 00000000 00:00 0 
7f429451b000-7f429461b000 rw-p 00000000 00:00 0 
7f429461b000-7f429521b000 ---p 00000000 00:00 0 
7f429521b000-7f429541d000 rw-p 00000000 00:00 0 
7f429541d000-7f429568d000 rwxp 00000000 00:00 0 
7f429568d000-7f42959ad000 ---p 00000000 00:00 0 
7f42959ad000-7f4295c1d000 rwxp 00000000 00:00 0 
7f4295c1d000-7f429cee5000 ---p 00000000 00:00 0 
7f429cee5000-7f429d155000 rwxp 00000000 00:00 0 
7f429d155000-7f42a441d000 ---p 00000000 00:00 0 
7f42a441d000-7f42a8000000 r--s 00000000 08:05 11275179                   /home/dev/pychrom/pycharm-2020.3.2/jbr/lib/modules
7f42a8000000-7f42a8092000 rw-p 00000000 00:00 0 
7f42a8092000-7f42ac000000 ---p 00000000 00:00 0 
7f42ac03e000-7f42ac240000 rw-p 00000000 00:00 0 
7f42ac240000-7f42ac241000 ---p 00000000 00:00 0 
7f42ac241000-7f42ac346000 rw-p 00000000 00:00 0 
7f42ac346000-7f42ac42c000 ---p 00000000 00:00 0 
7f42ac42c000-7f42ac431000 rw-p 00000000 00:00 0 
7f42ac431000-7f42ac517000 ---p 00000000 00:00 0 
7f42ac517000-7f42ac51e000 r-xp 00000000 08:05 11275124                   /home/dev/pychrom/pycharm-2020.3.2/jbr/lib/libzip.so
7f42ac51e000-7f42ac71d000 ---p 00007000 08:05 11275124                   /home/dev/pychrom/pycharm-2020.3.2/jbr/lib/libzip.so
7f42ac71d000-7f42ac71e000 r--p 00006000 08:05 11275124                   /home/dev/pychrom/pycharm-2020.3.2/jbr/lib/libzip.so
7f42ac71e000-7f42ac71f000 rw-p 00000000 00:00 0 
7f42ac71f000-7f42ac729000 r-xp 00000000 08:05 14558165                   /usr/lib/x86_64-linux-gnu/libnss_files-2.24.so
7f42ac729000-7f42ac929000 ---p 0000a000 08:05 14558165                   /usr/lib/x86_64-linux-gnu/libnss_files-2.24.so
7f42ac929000-7f42ac92a000 r--p 0000a000 08:05 14558165                   /usr/lib/x86_64-linux-gnu/libnss_files-2.24.so
7f42ac92a000-7f42ac92b000 rw-p 0000b000 08:05 14558165                   /usr/lib/x86_64-linux-gnu/libnss_files-2.24.so
7f42ac92b000-7f42ac931000 rw-p 00000000 00:00 0 
7f42ac931000-7f42ac93c000 r-xp 00000000 08:05 14558171                   /usr/lib/x86_64-linux-gnu/libnss_nis-2.24.so
7f42ac93c000-7f42acb3b000 ---p 0000b000 08:05 14558171                   /usr/lib/x86_64-linux-gnu/libnss_nis-2.24.so
7f42acb3b000-7f42acb3c000 r--p 0000a000 08:05 14558171                   /usr/lib/x86_64-linux-gnu/libnss_nis-2.24.so
7f42acb3c000-7f42acb3d000 rw-p 0000b000 08:05 14558171                   /usr/lib/x86_64-linux-gnu/libnss_nis-2.24.so
7f42acb3d000-7f42acb51000 r-xp 00000000 08:05 14558153                   /usr/lib/x86_64-linux-gnu/libnsl-2.24.so
7f42acb51000-7f42acd51000 ---p 00014000 08:05 14558153                   /usr/lib/x86_64-linux-gnu/libnsl-2.24.so
7f42acd51000-7f42acd52000 r--p 00014000 08:05 14558153                   /usr/lib/x86_64-linux-gnu/libnsl-2.24.so
7f42acd52000-7f42acd53000 rw-p 00015000 08:05 14558153                   /usr/lib/x86_64-linux-gnu/libnsl-2.24.so
7f42acd53000-7f42acd55000 rw-p 00000000 00:00 0 
7f42acd55000-7f42acd5c000 r-xp 00000000 08:05 14558159                   /usr/lib/x86_64-linux-gnu/libnss_compat-2.24.so
7f42acd5c000-7f42acf5b000 ---p 00007000 08:05 14558159                   /usr/lib/x86_64-linux-gnu/libnss_compat-2.24.so
7f42acf5b000-7f42acf5c000 r--p 00006000 08:05 14558159                   /usr/lib/x86_64-linux-gnu/libnss_compat-2.24.so
7f42acf5c000-7f42acf5d000 rw-p 00007000 08:05 14558159                   /usr/lib/x86_64-linux-gnu/libnss_compat-2.24.so
7f42acf5d000-7f42acf78000 r-xp 00000000 08:05 11275099                   /home/dev/pychrom/pycharm-2020.3.2/jbr/lib/libjimage.so
7f42acf78000-7f42ad178000 ---p 0001b000 08:05 11275099                   /home/dev/pychrom/pycharm-2020.3.2/jbr/lib/libjimage.so
7f42ad178000-7f42ad17a000 r--p 0001b000 08:05 11275099                   /home/dev/pychrom/pycharm-2020.3.2/jbr/lib/libjimage.so
7f42ad17a000-7f42ad17b000 rw-p 0001d000 08:05 11275099                   /home/dev/pychrom/pycharm-2020.3.2/jbr/lib/libjimage.so
7f42ad17b000-7f42ad1a4000 r-xp 00000000 08:05 11275094                   /home/dev/pychrom/pycharm-2020.3.2/jbr/lib/libjava.so
7f42ad1a4000-7f42ad3a4000 ---p 00029000 08:05 11275094                   /home/dev/pychrom/pycharm-2020.3.2/jbr/lib/libjava.so
7f42ad3a4000-7f42ad3a5000 r--p 00029000 08:05 11275094                   /home/dev/pychrom/pycharm-2020.3.2/jbr/lib/libjava.so
7f42ad3a5000-7f42ad3a6000 rw-p 0002a000 08:05 11275094                   /home/dev/pychrom/pycharm-2020.3.2/jbr/lib/libjava.so
7f42ad3a6000-7f42ad3a7000 rw-p 00000000 00:00 0 
7f42ad3a7000-7f42ad3b4000 r-xp 00000000 08:05 11275123                   /home/dev/pychrom/pycharm-2020.3.2/jbr/lib/libverify.so
7f42ad3b4000-7f42ad5b3000 ---p 0000d000 08:05 11275123                   /home/dev/pychrom/pycharm-2020.3.2/jbr/lib/libverify.so
7f42ad5b3000-7f42ad5b5000 r--p 0000c000 08:05 11275123                   /home/dev/pychrom/pycharm-2020.3.2/jbr/lib/libverify.so
7f42ad5b5000-7f42ad5b6000 rw-p 00000000 00:00 0 
7f42ad5b6000-7f42ad5bd000 r-xp 00000000 08:05 14558415                   /usr/lib/x86_64-linux-gnu/librt-2.24.so
7f42ad5bd000-7f42ad7bc000 ---p 00007000 08:05 14558415                   /usr/lib/x86_64-linux-gnu/librt-2.24.so
7f42ad7bc000-7f42ad7bd000 r--p 00006000 08:05 14558415                   /usr/lib/x86_64-linux-gnu/librt-2.24.so
7f42ad7bd000-7f42ad7be000 rw-p 00007000 08:05 14558415                   /usr/lib/x86_64-linux-gnu/librt-2.24.so
7f42ad7be000-7f42ad8c1000 r-xp 00000000 08:05 14558029                   /usr/lib/x86_64-linux-gnu/libm-2.24.so
7f42ad8c1000-7f42adac0000 ---p 00103000 08:05 14558029                   /usr/lib/x86_64-linux-gnu/libm-2.24.so
7f42adac0000-7f42adac1000 r--p 00102000 08:05 14558029                   /usr/lib/x86_64-linux-gnu/libm-2.24.so
7f42adac1000-7f42adac2000 rw-p 00103000 08:05 14558029                   /usr/lib/x86_64-linux-gnu/libm-2.24.so
7f42adac2000-7f42aeb0c000 r-xp 00000000 08:05 11275190                   /home/dev/pychrom/pycharm-2020.3.2/jbr/lib/server/libjvm.so
7f42aeb0c000-7f42aed0c000 ---p 0104a000 08:05 11275190                   /home/dev/pychrom/pycharm-2020.3.2/jbr/lib/server/libjvm.so
7f42aed0c000-7f42aedcb000 r--p 0104a000 08:05 11275190                   /home/dev/pychrom/pycharm-2020.3.2/jbr/lib/server/libjvm.so
7f42aedcb000-7f42aee04000 rw-p 01109000 08:05 11275190                   /home/dev/pychrom/pycharm-2020.3.2/jbr/lib/server/libjvm.so
7f42aee04000-7f42aee5b000 rw-p 00000000 00:00 0 
7f42aee5b000-7f42aeff0000 r-xp 00000000 08:05 14557295                   /usr/lib/x86_64-linux-gnu/libc-2.24.so
7f42aeff0000-7f42af1f0000 ---p 00195000 08:05 14557295                   /usr/lib/x86_64-linux-gnu/libc-2.24.so
7f42af1f0000-7f42af1f4000 r--p 00195000 08:05 14557295                   /usr/lib/x86_64-linux-gnu/libc-2.24.so
7f42af1f4000-7f42af1f6000 rw-p 00199000 08:05 14557295                   /usr/lib/x86_64-linux-gnu/libc-2.24.so
7f42af1f6000-7f42af1fa000 rw-p 00000000 00:00 0 
7f42af1fa000-7f42af1fd000 r-xp 00000000 08:05 14557431                   /usr/lib/x86_64-linux-gnu/libdl-2.24.so
7f42af1fd000-7f42af3fc000 ---p 00003000 08:05 14557431                   /usr/lib/x86_64-linux-gnu/libdl-2.24.so
7f42af3fc000-7f42af3fd000 r--p 00002000 08:05 14557431                   /usr/lib/x86_64-linux-gnu/libdl-2.24.so
7f42af3fd000-7f42af3fe000 rw-p 00003000 08:05 14557431                   /usr/lib/x86_64-linux-gnu/libdl-2.24.so
7f42af3fe000-7f42af40d000 r-xp 00000000 08:05 11275075                   /home/dev/pychrom/pycharm-2020.3.2/jbr/lib/jli/libjli.so
7f42af40d000-7f42af60c000 ---p 0000f000 08:05 11275075                   /home/dev/pychrom/pycharm-2020.3.2/jbr/lib/jli/libjli.so
7f42af60c000-7f42af60d000 r--p 0000e000 08:05 11275075                   /home/dev/pychrom/pycharm-2020.3.2/jbr/lib/jli/libjli.so
7f42af60d000-7f42af60e000 rw-p 0000f000 08:05 11275075                   /home/dev/pychrom/pycharm-2020.3.2/jbr/lib/jli/libjli.so
7f42af60e000-7f42af626000 r-xp 00000000 08:05 14558355                   /usr/lib/x86_64-linux-gnu/libpthread-2.24.so
7f42af626000-7f42af825000 ---p 00018000 08:05 14558355                   /usr/lib/x86_64-linux-gnu/libpthread-2.24.so
7f42af825000-7f42af826000 r--p 00017000 08:05 14558355                   /usr/lib/x86_64-linux-gnu/libpthread-2.24.so
7f42af826000-7f42af827000 rw-p 00018000 08:05 14558355                   /usr/lib/x86_64-linux-gnu/libpthread-2.24.so
7f42af827000-7f42af82b000 rw-p 00000000 00:00 0 
7f42af82b000-7f42af844000 r-xp 00000000 08:05 14558771                   /usr/lib/x86_64-linux-gnu/libz.so.1.2.8
7f42af844000-7f42afa43000 ---p 00019000 08:05 14558771                   /usr/lib/x86_64-linux-gnu/libz.so.1.2.8
7f42afa43000-7f42afa44000 r--p 00018000 08:05 14558771                   /usr/lib/x86_64-linux-gnu/libz.so.1.2.8
7f42afa44000-7f42afa45000 rw-p 00019000 08:05 14558771                   /usr/lib/x86_64-linux-gnu/libz.so.1.2.8
7f42afa45000-7f42afa68000 r-xp 00000000 08:05 14556856                   /usr/lib/x86_64-linux-gnu/ld-2.24.so
7f42afb00000-7f42afb45000 rw-p 00000000 00:00 0 
7f42afb45000-7f42afb49000 ---p 00000000 00:00 0 
7f42afb49000-7f42afc48000 rw-p 00000000 00:00 0 
7f42afc4f000-7f42afc54000 rw-p 00000000 00:00 0 
7f42afc54000-7f42afc5b000 ---p 00000000 00:00 0 
7f42afc5b000-7f42afc63000 rw-s 00000000 08:05 12858494                   /tmp/hsperfdata_zhd/2734
7f42afc63000-7f42afc64000 ---p 00000000 00:00 0 
7f42afc64000-7f42afc65000 r--p 00000000 00:00 0 
7f42afc65000-7f42afc68000 rw-p 00000000 00:00 0 
7f42afc68000-7f42afc69000 r--p 00023000 08:05 14556856                   /usr/lib/x86_64-linux-gnu/ld-2.24.so
7f42afc69000-7f42afc6a000 rw-p 00024000 08:05 14556856                   /usr/lib/x86_64-linux-gnu/ld-2.24.so
7f42afc6a000-7f42afc6b000 rw-p 00000000 00:00 0 
7ffd5a071000-7ffd5a092000 rw-p 00000000 00:00 0                          [stack]
7ffd5a163000-7ffd5a166000 r--p 00000000 00:00 0                          [vvar]
7ffd5a166000-7ffd5a168000 r-xp 00000000 00:00 0                          [vdso]
ffffffffff600000-ffffffffff601000 r-xp 00000000 00:00 0                  [vsyscall]


VM Arguments:
jvm_args: -Djava.rmi.server.hostname=127.0.0.1 -Duser.timezone=UTC -Xmx2048m -Xms1024m -Dfile.encoding=UTF-8 
java_command: com.intellij.database.remote.RemoteJdbcServer com.mysql.cj.jdbc.Driver
java_class_path (initial): /home/dev/pychrom/pycharm-2020.3.2/lib/util.jar:/home/dev/pychrom/pycharm-2020.3.2/lib/trove4j.jar:/home/dev/pychrom/pycharm-2020.3.2/lib/groovy-2.5.11.jar:/home/dev/pychrom/pycharm-2020.3.2/plugins/DatabaseTools/lib/jdbc-console.jar:/home/zhd/.config/JetBrains/PyCharm2020.3/jdbc-drivers/MySQL ConnectorJ/8.0.21/mysql-connector-java-8.0.21.jar
Launcher Type: SUN_STANDARD

[Global flags]
     intx CICompilerCount                          = 3                                         {product} {ergonomic}
     uint ConcGCThreads                            = 1                                         {product} {ergonomic}
     uint G1ConcRefinementThreads                  = 4                                         {product} {ergonomic}
   size_t G1HeapRegionSize                         = 1048576                                   {product} {ergonomic}
    uintx GCDrainStackTargetSize                   = 64                                        {product} {ergonomic}
   size_t InitialHeapSize                          = 1073741824                                {product} {command line}
   size_t MarkStackSize                            = 4194304                                   {product} {ergonomic}
   size_t MaxHeapSize                              = 2147483648                                {product} {command line}
   size_t MinHeapDeltaBytes                        = 1048576                                   {product} {ergonomic}
    uintx NonNMethodCodeHeapSize                   = 5830732                                {pd product} {ergonomic}
    uintx NonProfiledCodeHeapSize                  = 122913754                              {pd product} {ergonomic}
    uintx ProfiledCodeHeapSize                     = 122913754                              {pd product} {ergonomic}
    uintx ReservedCodeCacheSize                    = 251658240                              {pd product} {ergonomic}
     bool SegmentedCodeCache                       = true                                      {product} {ergonomic}
     bool UseCompressedClassPointers               = true                                 {lp64_product} {ergonomic}
     bool UseCompressedOops                        = true                                 {lp64_product} {ergonomic}
     bool UseG1GC                                  = true                                      {product} {ergonomic}

Logging:
Log output configuration:
 #0: stdout all=warning uptime,level,tags
 #1: stderr all=off uptime,level,tags

Environment Variables:
JAVA_HOME=/home/dev/jdk1.8/jdk1.8.0_251
CLASSPATH=/home/dev/pychrom/pycharm-2020.3.2/lib/bootstrap.jar:/home/dev/pychrom/pycharm-2020.3.2/lib/extensions.jar:/home/dev/pychrom/pycharm-2020.3.2/lib/util.jar:/home/dev/pychrom/pycharm-2020.3.2/lib/jdom.jar:/home/dev/pychrom/pycharm-2020.3.2/lib/log4j.jar:/home/dev/pychrom/pycharm-2020.3.2/lib/jna.jar
PATH=/usr/local/bin:/usr/bin:/bin:/usr/local/games:/usr/games:/sbin:/usr/sbin
SHELL=/bin/bash
DISPLAY=:0
LANG=zh_CN.UTF-8

Signal Handlers:
SIGSEGV: [libjvm.so+0xd84b50], sa_mask[0]=11111111011111111101111111111110, sa_flags=SA_RESTART|SA_SIGINFO
SIGBUS: [libjvm.so+0xd84b50], sa_mask[0]=11111111011111111101111111111110, sa_flags=SA_RESTART|SA_SIGINFO
SIGFPE: [libjvm.so+0xd84b50], sa_mask[0]=11111111011111111101111111111110, sa_flags=SA_RESTART|SA_SIGINFO
SIGPIPE: [libjvm.so+0xb85d10], sa_mask[0]=11111111011111111101111111111110, sa_flags=SA_RESTART|SA_SIGINFO
SIGXFSZ: [libjvm.so+0xb85d10], sa_mask[0]=11111111011111111101111111111110, sa_flags=SA_RESTART|SA_SIGINFO
SIGILL: [libjvm.so+0xd84b50], sa_mask[0]=11111111011111111101111111111110, sa_flags=SA_RESTART|SA_SIGINFO
SIGUSR2: [libjvm.so+0xb85ba0], sa_mask[0]=00100000000000000000000000000000, sa_flags=SA_RESTART|SA_SIGINFO
SIGHUP: SIG_IGN, sa_mask[0]=00000000000000000000000000000000, sa_flags=none
SIGINT: SIG_DFL, sa_mask[0]=00000000000000000000000000000000, sa_flags=none
SIGTERM: SIG_DFL, sa_mask[0]=00000000000000000000000000000000, sa_flags=none
SIGQUIT: SIG_DFL, sa_mask[0]=00000000000000000000000000000000, sa_flags=none


---------------  S Y S T E M  ---------------

OS:DISTRIB_ID=Deepin
DISTRIB_RELEASE="15.11"
DISTRIB_DESCRIPTION="Deepin 15.11 "
DISTRIB_CODENAME=stable
uname:Linux 4.15.0-30deepin-generic #31 SMP Fri Nov 30 04:29:02 UTC 2018 x86_64
OS uptime: 0 days 5:59 hours
libc:glibc 2.24 NPTL 2.24 
rlimit (soft/hard): STACK 8192k/infinity , CORE 0k/infinity , NPROC 22407/22407 , NOFILE 1048576/1048576 , AS infinity/infinity , CPU infinity/infinity , DATA infinity/infinity , FSIZE infinity/infinity , MEMLOCK 64k/64k
load average:0.58 0.60 0.62

/proc/meminfo:
MemTotal:        5796420 kB
MemFree:          110008 kB
MemAvailable:     848440 kB
Buffers:           75316 kB
Cached:           935300 kB
SwapCached:            0 kB
Active:          4706316 kB
Inactive:         541852 kB
Active(anon):    4238276 kB
Inactive(anon):   147524 kB
Active(file):     468040 kB
Inactive(file):   394328 kB
Unevictable:         144 kB
Mlocked:             144 kB
SwapTotal:             0 kB
SwapFree:              0 kB
Dirty:              1584 kB
Writeback:             0 kB
AnonPages:       4237732 kB
Mapped:           475300 kB
Shmem:            149000 kB
Slab:             300148 kB
SReclaimable:     171648 kB
SUnreclaim:       128500 kB
KernelStack:       18032 kB
PageTables:        62204 kB
NFS_Unstable:          0 kB
Bounce:                0 kB
WritebackTmp:          0 kB
CommitLimit:     2898208 kB
Committed_AS:   14756824 kB
VmallocTotal:   34359738367 kB
VmallocUsed:           0 kB
VmallocChunk:          0 kB
HardwareCorrupted:     0 kB
AnonHugePages:         0 kB
ShmemHugePages:        0 kB
ShmemPmdMapped:        0 kB
CmaTotal:              0 kB
CmaFree:               0 kB
HugePages_Total:       0
HugePages_Free:        0
HugePages_Rsvd:        0
HugePages_Surp:        0
Hugepagesize:       2048 kB
DirectMap4k:      268476 kB
DirectMap2M:     5711872 kB

/sys/kernel/mm/transparent_hugepage/enabled:
always [madvise] never
/sys/kernel/mm/transparent_hugepage/defrag (defrag/compaction efforts parameter):
always defer defer+madvise [madvise] never

/proc/sys/kernel/threads-max (system-wide limit on the number of threads):
44814
/proc/sys/vm/max_map_count (maximum number of memory map areas a process may have):
65530
/proc/sys/kernel/pid_max (system-wide limit on number of process identifiers):
32768

container (cgroup) information:
container_type: cgroupv1
cpu_cpuset_cpus: 0-3
cpu_memory_nodes: 0
active_processor_count: 4
cpu_quota: -1
cpu_period: 100000
cpu_shares: -1
memory_limit_in_bytes: -1
memory_and_swap_limit_in_bytes: -2
memory_soft_limit_in_bytes: -1
memory_usage_in_bytes: 1032355840
memory_max_usage_in_bytes: 1032355840

Steal ticks since vm start: 0
Steal ticks percentage since vm start:  0.000

CPU:total 4 (initial active 4) (2 cores per cpu, 2 threads per core) family 6 model 58 stepping 9, cmov, cx8, fxsr, mmx, sse, sse2, sse3, ssse3, sse4.1, sse4.2, popcnt, avx, aes, clmul, erms, ht, tsc, tscinvbit, tscinv
CPU Model and flags from /proc/cpuinfo:
model name	: Intel(R) Core(TM) i5-3320M CPU @ 2.60GHz
flags		: fpu vme de pse tsc msr pae mce cx8 apic sep mtrr pge mca cmov pat pse36 clflush dts acpi mmx fxsr sse sse2 ss ht tm pbe syscall nx rdtscp lm constant_tsc arch_perfmon pebs bts rep_good nopl xtopology nonstop_tsc cpuid aperfmperf pni pclmulqdq dtes64 monitor ds_cpl vmx smx est tm2 ssse3 cx16 xtpr pdcm pcid sse4_1 sse4_2 x2apic popcnt tsc_deadline_timer aes xsave avx f16c rdrand lahf_lm cpuid_fault epb pti tpr_shadow vnmi flexpriority ept vpid fsgsbase smep erms xsaveopt dtherm ida arat pln pts
Online cpus:
0-3
Offline cpus:
4-7
BIOS frequency limitation:
<Not Available>
Frequency switch latency (ns):
0
Available cpu frequencies:
<Not Available>
Current governor:
performance
Core performance/turbo boost:
<Not Available>

Memory: 4k page, physical 5796420k(110008k free), swap 0k(0k free)

vm_info: OpenJDK 64-Bit Server VM (11.0.9.1+11-b1145.63) for linux-amd64 JRE (11.0.9.1+11-b1145.63), built on Dec 21 2020 10:49:35 by "" with gcc 8.3.1 20190311 (Red Hat 8.3.1-3)

END.
